<?xml version="1.0" encoding="UTF-8"?>
<!-- Generated by org.testng.reporters.JUnitXMLReporter -->
<testsuite hostname="DESKTOP-DVCRU23" ignored="1" name="Default test(failed)" tests="1" failures="1" timestamp="2021-12-23T21:49:57 IST" time="0.113" errors="0">
  <testcase name="compareTitles" time="0.015" classname="TestNGPgms.AssertionsExample">
    <failure type="org.junit.ComparisonFailure" message="expected:&amp;lt;Gir[i]sh&amp;gt; but was:&amp;lt;Gir[ee]sh&amp;gt;">
      <![CDATA[org.junit.ComparisonFailure: expected:<Gir[i]sh> but was:<Gir[ee]sh>
at org.junit.Assert.assertEquals(Assert.java:115)
at org.junit.Assert.assertEquals(Assert.java:144)
at TestNGPgms.AssertionsExample.compareTitles(AssertionsExample.java:41)
at java.util.ArrayList.forEach(Unknown Source)
... Removed 27 stack frames]]>
    </failure>
  </testcase> <!-- compareTitles -->
  <testcase name="compareValues" time="0.0" classname="TestNGPgms.AssertionsExample">
    <ignored/>
  </testcase> <!-- compareValues -->
</testsuite> <!-- Default test(failed) -->
