<?xml version="1.0" encoding="UTF-8"?>
<testng-results skipped="0" failed="0" ignored="0" total="2" passed="2">
  <reporter-output>
  </reporter-output>
  <suite name="Default suite" duration-ms="117" started-at="2022-01-06T15:50:55 IST" finished-at="2022-01-06T15:50:55 IST">
    <groups>
    </groups>
    <test name="Default test" duration-ms="117" started-at="2022-01-06T15:50:55 IST" finished-at="2022-01-06T15:50:55 IST">
      <class name="TestNGPgms.HowToSkipTCs">
        <test-method status="PASS" signature="login()[pri:0, instance:TestNGPgms.HowToSkipTCs@44c8afef]" name="login" duration-ms="12" started-at="2022-01-06T15:50:55 IST" finished-at="2022-01-06T15:50:55 IST">
          <reporter-output>
          </reporter-output>
        </test-method> <!-- login -->
        <test-method status="PASS" signature="compose()[pri:0, instance:TestNGPgms.HowToSkipTCs@44c8afef]" name="compose" duration-ms="25" started-at="2022-01-06T15:50:55 IST" depends-on-methods="TestNGPgms.HowToSkipTCs.login" finished-at="2022-01-06T15:50:55 IST">
          <reporter-output>
          </reporter-output>
        </test-method> <!-- compose -->
      </class> <!-- TestNGPgms.HowToSkipTCs -->
    </test> <!-- Default test -->
  </suite> <!-- Default suite -->
</testng-results>
