<?xml version="1.0" encoding="UTF-8"?>
<!-- Generated by org.testng.reporters.JUnitXMLReporter -->
<testsuite hostname="DESKTOP-DVCRU23" ignored="0" name="Test" tests="9" failures="3" timestamp="2021-12-22T21:45:02 IST" time="0.131" errors="0">
  <testcase name="login" time="0.017" classname="TestNGPgms.HowToSkipTCs"/>
  <testcase name="compose" time="0.006" classname="TestNGPgms.HowToSkipTCs">
    <failure type="junit.framework.AssertionFailedError">
      <![CDATA[junit.framework.AssertionFailedError
at junit.framework.Assert.fail(Assert.java:55)
at junit.framework.Assert.assertTrue(Assert.java:22)
at junit.framework.Assert.assertTrue(Assert.java:31)
at TestNGPgms.HowToSkipTCs.compose(HowToSkipTCs.java:33)
at java.util.ArrayList.forEach(Unknown Source)
... Removed 27 stack frames]]>
    </failure>
  </testcase> <!-- compose -->
  <testcase name="yahoo" time="0.003" classname="TestNGPgms.HowToSkipTCs">
    <failure type="junit.framework.AssertionFailedError">
      <![CDATA[junit.framework.AssertionFailedError
at junit.framework.Assert.fail(Assert.java:55)
at junit.framework.Assert.assertTrue(Assert.java:22)
at junit.framework.Assert.assertTrue(Assert.java:31)
at TestNGPgms.HowToSkipTCs.yahoo(HowToSkipTCs.java:16)
at java.util.ArrayList.forEach(Unknown Source)
... Removed 27 stack frames]]>
    </failure>
  </testcase> <!-- yahoo -->
  <testcase name="a" time="0.001" classname="TestNGPgms.FirstTestngPgm"/>
  <testcase name="b" time="0.001" classname="TestNGPgms.FirstTestngPgm">
    <failure type="junit.framework.AssertionFailedError">
      <![CDATA[junit.framework.AssertionFailedError
at junit.framework.Assert.fail(Assert.java:55)
at junit.framework.Assert.assertTrue(Assert.java:22)
at junit.framework.Assert.assertTrue(Assert.java:31)
at TestNGPgms.FirstTestngPgm.b(FirstTestngPgm.java:14)
at java.util.ArrayList.forEach(Unknown Source)
... Removed 27 stack frames]]>
    </failure>
  </testcase> <!-- b -->
  <testcase name="c" time="0.001" classname="TestNGPgms.FirstTestngPgm"/>
  <testcase name="yahoo" time="0.003" classname="TestNGPgms.PrioritiseTCs"/>
  <testcase name="Login" time="0.002" classname="TestNGPgms.PrioritiseTCs"/>
  <testcase name="compose" time="0.001" classname="TestNGPgms.PrioritiseTCs"/>
</testsuite> <!-- Test -->
