<?xml version="1.0" encoding="UTF-8"?>
<!-- Generated by org.testng.reporters.JUnitXMLReporter -->
<testsuite hostname="DESKTOP-DVCRU23" ignored="1" name="Default test(failed)(failed)" tests="1" failures="0" timestamp="2021-12-23T21:50:51 IST" time="0.084" errors="0">
  <testcase name="compareTitles" time="0.022" classname="TestNGPgms.AssertionsExample"/>
  <testcase name="compareValues" time="0.0" classname="TestNGPgms.AssertionsExample">
    <ignored/>
  </testcase> <!-- compareValues -->
</testsuite> <!-- Default test(failed)(failed) -->
